Sep 07, 2018 10:36:27 AM org.apache.catalina.startup.VersionLoggerListener log
INFO: Server version:        Apache Tomcat/7.0.72
Sep 07, 2018 10:36:27 AM org.apache.catalina.startup.VersionLoggerListener log
INFO: Server built:          Sep 14 2016 12:12:26 UTC
Sep 07, 2018 10:36:27 AM org.apache.catalina.startup.VersionLoggerListener log
INFO: Server number:         7.0.72.0
Sep 07, 2018 10:36:27 AM org.apache.catalina.startup.VersionLoggerListener log
INFO: OS Name:               Mac OS X
Sep 07, 2018 10:36:27 AM org.apache.catalina.startup.VersionLoggerListener log
INFO: OS Version:            10.13.6
Sep 07, 2018 10:36:27 AM org.apache.catalina.startup.VersionLoggerListener log
INFO: Architecture:          x86_64
Sep 07, 2018 10:36:27 AM org.apache.catalina.startup.VersionLoggerListener log
INFO: Java Home:             /Library/Java/JavaVirtualMachines/jdk1.8.0_65.jdk/Contents/Home/jre
Sep 07, 2018 10:36:27 AM org.apache.catalina.startup.VersionLoggerListener log
INFO: JVM Version:           1.8.0_65-b17
Sep 07, 2018 10:36:27 AM org.apache.catalina.startup.VersionLoggerListener log
INFO: JVM Vendor:            Oracle Corporation
Sep 07, 2018 10:36:27 AM org.apache.catalina.startup.VersionLoggerListener log
INFO: CATALINA_BASE:         /Users/thomaspan/personal/java/HelloWorld/tomcat
Sep 07, 2018 10:36:27 AM org.apache.catalina.startup.VersionLoggerListener log
INFO: CATALINA_HOME:         /Users/thomaspan/personal/java/HelloWorld/tomcat
Sep 07, 2018 10:36:27 AM org.apache.catalina.startup.VersionLoggerListener log
INFO: Command line argument: -Djava.util.logging.config.file=/Users/thomaspan/personal/java/HelloWorld/tomcat/conf/logging.properties
Sep 07, 2018 10:36:27 AM org.apache.catalina.startup.VersionLoggerListener log
INFO: Command line argument: -Djava.util.logging.manager=org.apache.juli.ClassLoaderLogManager
Sep 07, 2018 10:36:27 AM org.apache.catalina.startup.VersionLoggerListener log
INFO: Command line argument: -Djdk.tls.ephemeralDHKeySize=2048
Sep 07, 2018 10:36:27 AM org.apache.catalina.startup.VersionLoggerListener log
INFO: Command line argument: -Djava.endorsed.dirs=/Users/thomaspan/personal/java/HelloWorld/tomcat/endorsed
Sep 07, 2018 10:36:27 AM org.apache.catalina.startup.VersionLoggerListener log
INFO: Command line argument: -Dcatalina.base=/Users/thomaspan/personal/java/HelloWorld/tomcat
Sep 07, 2018 10:36:27 AM org.apache.catalina.startup.VersionLoggerListener log
INFO: Command line argument: -Dcatalina.home=/Users/thomaspan/personal/java/HelloWorld/tomcat
Sep 07, 2018 10:36:27 AM org.apache.catalina.startup.VersionLoggerListener log
INFO: Command line argument: -Djava.io.tmpdir=/Users/thomaspan/personal/java/HelloWorld/tomcat/temp
Sep 07, 2018 10:36:27 AM org.apache.catalina.core.AprLifecycleListener lifecycleEvent
INFO: The APR based Apache Tomcat Native library which allows optimal performance in production environments was not found on the java.library.path: :/usr/local/mysql/lib:/Users/thomaspan/Library/Java/Extensions:/Library/Java/Extensions:/Network/Library/Java/Extensions:/System/Library/Java/Extensions:/usr/lib/java:.
Sep 07, 2018 10:36:27 AM org.apache.coyote.AbstractProtocol init
INFO: Initializing ProtocolHandler ["http-bio-9999"]
Sep 07, 2018 10:36:27 AM org.apache.coyote.AbstractProtocol init
INFO: Initializing ProtocolHandler ["ajp-bio-8009"]
Sep 07, 2018 10:36:27 AM org.apache.catalina.startup.Catalina load
INFO: Initialization processed in 683 ms
Sep 07, 2018 10:36:27 AM org.apache.catalina.core.StandardService startInternal
INFO: Starting service Catalina
Sep 07, 2018 10:36:27 AM org.apache.catalina.core.StandardEngine startInternal
INFO: Starting Servlet Engine: Apache Tomcat/7.0.72
Sep 07, 2018 10:36:27 AM org.apache.catalina.startup.HostConfig deployWAR
INFO: Deploying web application archive /Users/thomaspan/personal/java/HelloWorld/tomcat/webapps/CounterWebApp.war
Sep 07, 2018 10:36:28 AM org.apache.catalina.startup.TldConfig execute
INFO: At least one JAR was scanned for TLDs yet contained no TLDs. Enable debug logging for this logger for a complete list of JARs that were scanned but no TLDs were found in them. Skipping unneeded JARs during scanning can improve startup time and JSP compilation time.
10:36:28,510 |-INFO in ch.qos.logback.classic.LoggerContext[default] - Could NOT find resource [logback.groovy]
10:36:28,510 |-INFO in ch.qos.logback.classic.LoggerContext[default] - Could NOT find resource [logback-test.xml]
10:36:28,510 |-INFO in ch.qos.logback.classic.LoggerContext[default] - Found resource [logback.xml] at [file:/Users/thomaspan/personal/java/HelloWorld/tomcat/webapps/CounterWebApp/WEB-INF/classes/logback.xml]
10:36:28,540 |-INFO in ch.qos.logback.classic.joran.action.ConfigurationAction - debug attribute not set
10:36:28,562 |-INFO in ch.qos.logback.core.joran.action.AppenderAction - About to instantiate appender of type [ch.qos.logback.core.ConsoleAppender]
10:36:28,568 |-INFO in ch.qos.logback.core.joran.action.AppenderAction - Naming appender as [STDOUT]
10:36:28,607 |-WARN in ch.qos.logback.core.ConsoleAppender[STDOUT] - This appender no longer admits a layout as a sub-component, set an encoder instead.
10:36:28,607 |-WARN in ch.qos.logback.core.ConsoleAppender[STDOUT] - To ensure compatibility, wrapping your layout in LayoutWrappingEncoder.
10:36:28,607 |-WARN in ch.qos.logback.core.ConsoleAppender[STDOUT] - See also http://logback.qos.ch/codes.html#layoutInsteadOfEncoder for details
10:36:28,608 |-INFO in ch.qos.logback.classic.joran.action.LoggerAction - Setting level of logger [com.mkyong.controller] to DEBUG
10:36:28,608 |-INFO in ch.qos.logback.classic.joran.action.LoggerAction - Setting additivity of logger [com.mkyong.controller] to false
10:36:28,608 |-INFO in ch.qos.logback.core.joran.action.AppenderRefAction - Attaching appender named [STDOUT] to Logger[com.mkyong.controller]
10:36:28,608 |-INFO in ch.qos.logback.classic.joran.action.RootLoggerAction - Setting level of ROOT logger to ERROR
10:36:28,608 |-INFO in ch.qos.logback.core.joran.action.AppenderRefAction - Attaching appender named [STDOUT] to Logger[ROOT]
10:36:28,608 |-INFO in ch.qos.logback.classic.joran.action.ConfigurationAction - End of configuration.
10:36:28,609 |-INFO in ch.qos.logback.classic.joran.JoranConfigurator@7c23b066 - Registering current configuration as safe fallback point

Sep 07, 2018 10:36:29 AM org.apache.catalina.startup.HostConfig deployWAR
INFO: Deployment of web application archive /Users/thomaspan/personal/java/HelloWorld/tomcat/webapps/CounterWebApp.war has finished in 1,612 ms
Sep 07, 2018 10:36:29 AM org.apache.catalina.startup.HostConfig deployDirectory
INFO: Deploying web application directory /Users/thomaspan/personal/java/HelloWorld/tomcat/webapps/docs
Sep 07, 2018 10:36:29 AM org.apache.catalina.startup.HostConfig deployDirectory
INFO: Deployment of web application directory /Users/thomaspan/personal/java/HelloWorld/tomcat/webapps/docs has finished in 29 ms
Sep 07, 2018 10:36:29 AM org.apache.catalina.startup.HostConfig deployDirectory
INFO: Deploying web application directory /Users/thomaspan/personal/java/HelloWorld/tomcat/webapps/manager
Sep 07, 2018 10:36:29 AM org.apache.catalina.startup.HostConfig deployDirectory
INFO: Deployment of web application directory /Users/thomaspan/personal/java/HelloWorld/tomcat/webapps/manager has finished in 39 ms
Sep 07, 2018 10:36:29 AM org.apache.catalina.startup.HostConfig deployDirectory
INFO: Deploying web application directory /Users/thomaspan/personal/java/HelloWorld/tomcat/webapps/examples
Sep 07, 2018 10:36:29 AM org.apache.catalina.startup.HostConfig deployDirectory
INFO: Deployment of web application directory /Users/thomaspan/personal/java/HelloWorld/tomcat/webapps/examples has finished in 175 ms
Sep 07, 2018 10:36:29 AM org.apache.catalina.startup.HostConfig deployDirectory
INFO: Deploying web application directory /Users/thomaspan/personal/java/HelloWorld/tomcat/webapps/ROOT
Sep 07, 2018 10:36:29 AM org.apache.catalina.startup.HostConfig deployDirectory
INFO: Deployment of web application directory /Users/thomaspan/personal/java/HelloWorld/tomcat/webapps/ROOT has finished in 28 ms
Sep 07, 2018 10:36:29 AM org.apache.catalina.startup.HostConfig deployDirectory
INFO: Deploying web application directory /Users/thomaspan/personal/java/HelloWorld/tomcat/webapps/hello
Sep 07, 2018 10:36:29 AM org.apache.catalina.startup.HostConfig deployDirectory
INFO: Deployment of web application directory /Users/thomaspan/personal/java/HelloWorld/tomcat/webapps/hello has finished in 34 ms
Sep 07, 2018 10:36:29 AM org.apache.catalina.startup.HostConfig deployDirectory
INFO: Deploying web application directory /Users/thomaspan/personal/java/HelloWorld/tomcat/webapps/host-manager
Sep 07, 2018 10:36:29 AM org.apache.catalina.startup.HostConfig deployDirectory
INFO: Deployment of web application directory /Users/thomaspan/personal/java/HelloWorld/tomcat/webapps/host-manager has finished in 28 ms
Sep 07, 2018 10:36:29 AM org.apache.coyote.AbstractProtocol start
INFO: Starting ProtocolHandler ["http-bio-9999"]
Sep 07, 2018 10:36:29 AM org.apache.coyote.AbstractProtocol start
INFO: Starting ProtocolHandler ["ajp-bio-8009"]
Sep 07, 2018 10:36:29 AM org.apache.catalina.startup.Catalina start
INFO: Server startup in 2005 ms
Sep 07, 2018 10:38:48 AM org.apache.catalina.startup.VersionLoggerListener log
INFO: Server version:        Apache Tomcat/7.0.72
Sep 07, 2018 10:38:48 AM org.apache.catalina.startup.VersionLoggerListener log
INFO: Server built:          Sep 14 2016 12:12:26 UTC
Sep 07, 2018 10:38:48 AM org.apache.catalina.startup.VersionLoggerListener log
INFO: Server number:         7.0.72.0
Sep 07, 2018 10:38:48 AM org.apache.catalina.startup.VersionLoggerListener log
INFO: OS Name:               Mac OS X
Sep 07, 2018 10:38:48 AM org.apache.catalina.startup.VersionLoggerListener log
INFO: OS Version:            10.13.6
Sep 07, 2018 10:38:48 AM org.apache.catalina.startup.VersionLoggerListener log
INFO: Architecture:          x86_64
Sep 07, 2018 10:38:48 AM org.apache.catalina.startup.VersionLoggerListener log
INFO: Java Home:             /Library/Java/JavaVirtualMachines/jdk1.8.0_65.jdk/Contents/Home/jre
Sep 07, 2018 10:38:48 AM org.apache.catalina.startup.VersionLoggerListener log
INFO: JVM Version:           1.8.0_65-b17
Sep 07, 2018 10:38:48 AM org.apache.catalina.startup.VersionLoggerListener log
INFO: JVM Vendor:            Oracle Corporation
Sep 07, 2018 10:38:48 AM org.apache.catalina.startup.VersionLoggerListener log
INFO: CATALINA_BASE:         /Users/thomaspan/personal/java/HelloWorld/tomcat
Sep 07, 2018 10:38:48 AM org.apache.catalina.startup.VersionLoggerListener log
INFO: CATALINA_HOME:         /Users/thomaspan/personal/java/HelloWorld/tomcat
Sep 07, 2018 10:38:48 AM org.apache.catalina.startup.VersionLoggerListener log
INFO: Command line argument: -Djava.util.logging.config.file=/Users/thomaspan/personal/java/HelloWorld/tomcat/conf/logging.properties
Sep 07, 2018 10:38:48 AM org.apache.catalina.startup.VersionLoggerListener log
INFO: Command line argument: -Djava.util.logging.manager=org.apache.juli.ClassLoaderLogManager
Sep 07, 2018 10:38:48 AM org.apache.catalina.startup.VersionLoggerListener log
INFO: Command line argument: -Djdk.tls.ephemeralDHKeySize=2048
Sep 07, 2018 10:38:48 AM org.apache.catalina.startup.VersionLoggerListener log
INFO: Command line argument: -Djava.endorsed.dirs=/Users/thomaspan/personal/java/HelloWorld/tomcat/endorsed
Sep 07, 2018 10:38:48 AM org.apache.catalina.startup.VersionLoggerListener log
INFO: Command line argument: -Dcatalina.base=/Users/thomaspan/personal/java/HelloWorld/tomcat
Sep 07, 2018 10:38:48 AM org.apache.catalina.startup.VersionLoggerListener log
INFO: Command line argument: -Dcatalina.home=/Users/thomaspan/personal/java/HelloWorld/tomcat
Sep 07, 2018 10:38:48 AM org.apache.catalina.startup.VersionLoggerListener log
INFO: Command line argument: -Djava.io.tmpdir=/Users/thomaspan/personal/java/HelloWorld/tomcat/temp
Sep 07, 2018 10:38:48 AM org.apache.catalina.core.AprLifecycleListener lifecycleEvent
INFO: The APR based Apache Tomcat Native library which allows optimal performance in production environments was not found on the java.library.path: :/usr/local/mysql/lib:/Users/thomaspan/Library/Java/Extensions:/Library/Java/Extensions:/Network/Library/Java/Extensions:/System/Library/Java/Extensions:/usr/lib/java:.
Sep 07, 2018 10:38:48 AM org.apache.coyote.AbstractProtocol init
INFO: Initializing ProtocolHandler ["http-bio-9999"]
Sep 07, 2018 10:38:48 AM org.apache.coyote.AbstractProtocol init
SEVERE: Failed to initialize end point associated with ProtocolHandler ["http-bio-9999"]
java.net.BindException: Address already in use <null>:9999
	at org.apache.tomcat.util.net.JIoEndpoint.bind(JIoEndpoint.java:413)
	at org.apache.tomcat.util.net.AbstractEndpoint.init(AbstractEndpoint.java:650)
	at org.apache.coyote.AbstractProtocol.init(AbstractProtocol.java:452)
	at org.apache.coyote.http11.AbstractHttp11JsseProtocol.init(AbstractHttp11JsseProtocol.java:119)
	at org.apache.catalina.connector.Connector.initInternal(Connector.java:978)
	at org.apache.catalina.util.LifecycleBase.init(LifecycleBase.java:102)
	at org.apache.catalina.core.StandardService.initInternal(StandardService.java:560)
	at org.apache.catalina.util.LifecycleBase.init(LifecycleBase.java:102)
	at org.apache.catalina.core.StandardServer.initInternal(StandardServer.java:838)
	at org.apache.catalina.util.LifecycleBase.init(LifecycleBase.java:102)
	at org.apache.catalina.startup.Catalina.load(Catalina.java:642)
	at org.apache.catalina.startup.Catalina.load(Catalina.java:667)
	at sun.reflect.NativeMethodAccessorImpl.invoke0(Native Method)
	at sun.reflect.NativeMethodAccessorImpl.invoke(NativeMethodAccessorImpl.java:62)
	at sun.reflect.DelegatingMethodAccessorImpl.invoke(DelegatingMethodAccessorImpl.java:43)
	at java.lang.reflect.Method.invoke(Method.java:497)
	at org.apache.catalina.startup.Bootstrap.load(Bootstrap.java:253)
	at org.apache.catalina.startup.Bootstrap.main(Bootstrap.java:427)
Caused by: java.net.BindException: Address already in use
	at java.net.PlainSocketImpl.socketBind(Native Method)
	at java.net.AbstractPlainSocketImpl.bind(AbstractPlainSocketImpl.java:387)
	at java.net.ServerSocket.bind(ServerSocket.java:375)
	at java.net.ServerSocket.<init>(ServerSocket.java:237)
	at java.net.ServerSocket.<init>(ServerSocket.java:181)
	at org.apache.tomcat.util.net.DefaultServerSocketFactory.createSocket(DefaultServerSocketFactory.java:49)
	at org.apache.tomcat.util.net.JIoEndpoint.bind(JIoEndpoint.java:400)
	... 17 more

Sep 07, 2018 10:38:48 AM org.apache.catalina.core.StandardService initInternal
SEVERE: Failed to initialize connector [Connector[HTTP/1.1-9999]]
org.apache.catalina.LifecycleException: Failed to initialize component [Connector[HTTP/1.1-9999]]
	at org.apache.catalina.util.LifecycleBase.init(LifecycleBase.java:107)
	at org.apache.catalina.core.StandardService.initInternal(StandardService.java:560)
	at org.apache.catalina.util.LifecycleBase.init(LifecycleBase.java:102)
	at org.apache.catalina.core.StandardServer.initInternal(StandardServer.java:838)
	at org.apache.catalina.util.LifecycleBase.init(LifecycleBase.java:102)
	at org.apache.catalina.startup.Catalina.load(Catalina.java:642)
	at org.apache.catalina.startup.Catalina.load(Catalina.java:667)
	at sun.reflect.NativeMethodAccessorImpl.invoke0(Native Method)
	at sun.reflect.NativeMethodAccessorImpl.invoke(NativeMethodAccessorImpl.java:62)
	at sun.reflect.DelegatingMethodAccessorImpl.invoke(DelegatingMethodAccessorImpl.java:43)
	at java.lang.reflect.Method.invoke(Method.java:497)
	at org.apache.catalina.startup.Bootstrap.load(Bootstrap.java:253)
	at org.apache.catalina.startup.Bootstrap.main(Bootstrap.java:427)
Caused by: org.apache.catalina.LifecycleException: Protocol handler initialization failed
	at org.apache.catalina.connector.Connector.initInternal(Connector.java:980)
	at org.apache.catalina.util.LifecycleBase.init(LifecycleBase.java:102)
	... 12 more
Caused by: java.net.BindException: Address already in use <null>:9999
	at org.apache.tomcat.util.net.JIoEndpoint.bind(JIoEndpoint.java:413)
	at org.apache.tomcat.util.net.AbstractEndpoint.init(AbstractEndpoint.java:650)
	at org.apache.coyote.AbstractProtocol.init(AbstractProtocol.java:452)
	at org.apache.coyote.http11.AbstractHttp11JsseProtocol.init(AbstractHttp11JsseProtocol.java:119)
	at org.apache.catalina.connector.Connector.initInternal(Connector.java:978)
	... 13 more
Caused by: java.net.BindException: Address already in use
	at java.net.PlainSocketImpl.socketBind(Native Method)
	at java.net.AbstractPlainSocketImpl.bind(AbstractPlainSocketImpl.java:387)
	at java.net.ServerSocket.bind(ServerSocket.java:375)
	at java.net.ServerSocket.<init>(ServerSocket.java:237)
	at java.net.ServerSocket.<init>(ServerSocket.java:181)
	at org.apache.tomcat.util.net.DefaultServerSocketFactory.createSocket(DefaultServerSocketFactory.java:49)
	at org.apache.tomcat.util.net.JIoEndpoint.bind(JIoEndpoint.java:400)
	... 17 more

Sep 07, 2018 10:38:48 AM org.apache.coyote.AbstractProtocol init
INFO: Initializing ProtocolHandler ["ajp-bio-8009"]
Sep 07, 2018 10:38:48 AM org.apache.coyote.AbstractProtocol init
SEVERE: Failed to initialize end point associated with ProtocolHandler ["ajp-bio-8009"]
java.net.BindException: Address already in use <null>:8009
	at org.apache.tomcat.util.net.JIoEndpoint.bind(JIoEndpoint.java:413)
	at org.apache.tomcat.util.net.AbstractEndpoint.init(AbstractEndpoint.java:650)
	at org.apache.coyote.AbstractProtocol.init(AbstractProtocol.java:452)
	at org.apache.catalina.connector.Connector.initInternal(Connector.java:978)
	at org.apache.catalina.util.LifecycleBase.init(LifecycleBase.java:102)
	at org.apache.catalina.core.StandardService.initInternal(StandardService.java:560)
	at org.apache.catalina.util.LifecycleBase.init(LifecycleBase.java:102)
	at org.apache.catalina.core.StandardServer.initInternal(StandardServer.java:838)
	at org.apache.catalina.util.LifecycleBase.init(LifecycleBase.java:102)
	at org.apache.catalina.startup.Catalina.load(Catalina.java:642)
	at org.apache.catalina.startup.Catalina.load(Catalina.java:667)
	at sun.reflect.NativeMethodAccessorImpl.invoke0(Native Method)
	at sun.reflect.NativeMethodAccessorImpl.invoke(NativeMethodAccessorImpl.java:62)
	at sun.reflect.DelegatingMethodAccessorImpl.invoke(DelegatingMethodAccessorImpl.java:43)
	at java.lang.reflect.Method.invoke(Method.java:497)
	at org.apache.catalina.startup.Bootstrap.load(Bootstrap.java:253)
	at org.apache.catalina.startup.Bootstrap.main(Bootstrap.java:427)
Caused by: java.net.BindException: Address already in use
	at java.net.PlainSocketImpl.socketBind(Native Method)
	at java.net.AbstractPlainSocketImpl.bind(AbstractPlainSocketImpl.java:387)
	at java.net.ServerSocket.bind(ServerSocket.java:375)
	at java.net.ServerSocket.<init>(ServerSocket.java:237)
	at java.net.ServerSocket.<init>(ServerSocket.java:181)
	at org.apache.tomcat.util.net.DefaultServerSocketFactory.createSocket(DefaultServerSocketFactory.java:49)
	at org.apache.tomcat.util.net.JIoEndpoint.bind(JIoEndpoint.java:400)
	... 16 more

Sep 07, 2018 10:38:48 AM org.apache.catalina.core.StandardService initInternal
SEVERE: Failed to initialize connector [Connector[AJP/1.3-8009]]
org.apache.catalina.LifecycleException: Failed to initialize component [Connector[AJP/1.3-8009]]
	at org.apache.catalina.util.LifecycleBase.init(LifecycleBase.java:107)
	at org.apache.catalina.core.StandardService.initInternal(StandardService.java:560)
	at org.apache.catalina.util.LifecycleBase.init(LifecycleBase.java:102)
	at org.apache.catalina.core.StandardServer.initInternal(StandardServer.java:838)
	at org.apache.catalina.util.LifecycleBase.init(LifecycleBase.java:102)
	at org.apache.catalina.startup.Catalina.load(Catalina.java:642)
	at org.apache.catalina.startup.Catalina.load(Catalina.java:667)
	at sun.reflect.NativeMethodAccessorImpl.invoke0(Native Method)
	at sun.reflect.NativeMethodAccessorImpl.invoke(NativeMethodAccessorImpl.java:62)
	at sun.reflect.DelegatingMethodAccessorImpl.invoke(DelegatingMethodAccessorImpl.java:43)
	at java.lang.reflect.Method.invoke(Method.java:497)
	at org.apache.catalina.startup.Bootstrap.load(Bootstrap.java:253)
	at org.apache.catalina.startup.Bootstrap.main(Bootstrap.java:427)
Caused by: org.apache.catalina.LifecycleException: Protocol handler initialization failed
	at org.apache.catalina.connector.Connector.initInternal(Connector.java:980)
	at org.apache.catalina.util.LifecycleBase.init(LifecycleBase.java:102)
	... 12 more
Caused by: java.net.BindException: Address already in use <null>:8009
	at org.apache.tomcat.util.net.JIoEndpoint.bind(JIoEndpoint.java:413)
	at org.apache.tomcat.util.net.AbstractEndpoint.init(AbstractEndpoint.java:650)
	at org.apache.coyote.AbstractProtocol.init(AbstractProtocol.java:452)
	at org.apache.catalina.connector.Connector.initInternal(Connector.java:978)
	... 13 more
Caused by: java.net.BindException: Address already in use
	at java.net.PlainSocketImpl.socketBind(Native Method)
	at java.net.AbstractPlainSocketImpl.bind(AbstractPlainSocketImpl.java:387)
	at java.net.ServerSocket.bind(ServerSocket.java:375)
	at java.net.ServerSocket.<init>(ServerSocket.java:237)
	at java.net.ServerSocket.<init>(ServerSocket.java:181)
	at org.apache.tomcat.util.net.DefaultServerSocketFactory.createSocket(DefaultServerSocketFactory.java:49)
	at org.apache.tomcat.util.net.JIoEndpoint.bind(JIoEndpoint.java:400)
	... 16 more

Sep 07, 2018 10:38:48 AM org.apache.catalina.startup.Catalina load
INFO: Initialization processed in 497 ms
Sep 07, 2018 10:38:48 AM org.apache.catalina.core.StandardService startInternal
INFO: Starting service Catalina
Sep 07, 2018 10:38:48 AM org.apache.catalina.core.StandardEngine startInternal
INFO: Starting Servlet Engine: Apache Tomcat/7.0.72
Sep 07, 2018 10:38:48 AM org.apache.catalina.startup.HostConfig deployWAR
INFO: Deploying web application archive /Users/thomaspan/personal/java/HelloWorld/tomcat/webapps/CounterWebApp.war
Sep 07, 2018 10:38:49 AM org.apache.catalina.startup.TldConfig execute
INFO: At least one JAR was scanned for TLDs yet contained no TLDs. Enable debug logging for this logger for a complete list of JARs that were scanned but no TLDs were found in them. Skipping unneeded JARs during scanning can improve startup time and JSP compilation time.
10:38:49,735 |-INFO in ch.qos.logback.classic.LoggerContext[default] - Could NOT find resource [logback.groovy]
10:38:49,735 |-INFO in ch.qos.logback.classic.LoggerContext[default] - Could NOT find resource [logback-test.xml]
10:38:49,735 |-INFO in ch.qos.logback.classic.LoggerContext[default] - Found resource [logback.xml] at [file:/Users/thomaspan/personal/java/HelloWorld/tomcat/webapps/CounterWebApp/WEB-INF/classes/logback.xml]
10:38:49,767 |-INFO in ch.qos.logback.classic.joran.action.ConfigurationAction - debug attribute not set
10:38:49,913 |-INFO in ch.qos.logback.core.joran.action.AppenderAction - About to instantiate appender of type [ch.qos.logback.core.ConsoleAppender]
10:38:49,919 |-INFO in ch.qos.logback.core.joran.action.AppenderAction - Naming appender as [STDOUT]
10:38:49,960 |-WARN in ch.qos.logback.core.ConsoleAppender[STDOUT] - This appender no longer admits a layout as a sub-component, set an encoder instead.
10:38:49,960 |-WARN in ch.qos.logback.core.ConsoleAppender[STDOUT] - To ensure compatibility, wrapping your layout in LayoutWrappingEncoder.
10:38:49,960 |-WARN in ch.qos.logback.core.ConsoleAppender[STDOUT] - See also http://logback.qos.ch/codes.html#layoutInsteadOfEncoder for details
10:38:49,961 |-INFO in ch.qos.logback.classic.joran.action.LoggerAction - Setting level of logger [com.mkyong.controller] to DEBUG
10:38:49,961 |-INFO in ch.qos.logback.classic.joran.action.LoggerAction - Setting additivity of logger [com.mkyong.controller] to false
10:38:49,961 |-INFO in ch.qos.logback.core.joran.action.AppenderRefAction - Attaching appender named [STDOUT] to Logger[com.mkyong.controller]
10:38:49,961 |-INFO in ch.qos.logback.classic.joran.action.RootLoggerAction - Setting level of ROOT logger to ERROR
10:38:49,961 |-INFO in ch.qos.logback.core.joran.action.AppenderRefAction - Attaching appender named [STDOUT] to Logger[ROOT]
10:38:49,961 |-INFO in ch.qos.logback.classic.joran.action.ConfigurationAction - End of configuration.
10:38:49,962 |-INFO in ch.qos.logback.classic.joran.JoranConfigurator@59ec70dd - Registering current configuration as safe fallback point

Sep 07, 2018 10:38:50 AM org.apache.catalina.startup.HostConfig deployWAR
INFO: Deployment of web application archive /Users/thomaspan/personal/java/HelloWorld/tomcat/webapps/CounterWebApp.war has finished in 1,593 ms
Sep 07, 2018 10:38:50 AM org.apache.catalina.startup.HostConfig deployDirectory
INFO: Deploying web application directory /Users/thomaspan/personal/java/HelloWorld/tomcat/webapps/docs
Sep 07, 2018 10:38:50 AM org.apache.catalina.startup.HostConfig deployDirectory
INFO: Deployment of web application directory /Users/thomaspan/personal/java/HelloWorld/tomcat/webapps/docs has finished in 27 ms
Sep 07, 2018 10:38:50 AM org.apache.catalina.startup.HostConfig deployDirectory
INFO: Deploying web application directory /Users/thomaspan/personal/java/HelloWorld/tomcat/webapps/manager
Sep 07, 2018 10:38:50 AM org.apache.catalina.startup.HostConfig deployDirectory
INFO: Deployment of web application directory /Users/thomaspan/personal/java/HelloWorld/tomcat/webapps/manager has finished in 43 ms
Sep 07, 2018 10:38:50 AM org.apache.catalina.startup.HostConfig deployDirectory
INFO: Deploying web application directory /Users/thomaspan/personal/java/HelloWorld/tomcat/webapps/examples
Sep 07, 2018 10:38:50 AM org.apache.catalina.startup.HostConfig deployDirectory
INFO: Deployment of web application directory /Users/thomaspan/personal/java/HelloWorld/tomcat/webapps/examples has finished in 160 ms
Sep 07, 2018 10:38:50 AM org.apache.catalina.startup.HostConfig deployDirectory
INFO: Deploying web application directory /Users/thomaspan/personal/java/HelloWorld/tomcat/webapps/ROOT
Sep 07, 2018 10:38:50 AM org.apache.catalina.startup.HostConfig deployDirectory
INFO: Deployment of web application directory /Users/thomaspan/personal/java/HelloWorld/tomcat/webapps/ROOT has finished in 24 ms
Sep 07, 2018 10:38:50 AM org.apache.catalina.startup.HostConfig deployDirectory
INFO: Deploying web application directory /Users/thomaspan/personal/java/HelloWorld/tomcat/webapps/hello
Sep 07, 2018 10:38:50 AM org.apache.catalina.startup.HostConfig deployDirectory
INFO: Deployment of web application directory /Users/thomaspan/personal/java/HelloWorld/tomcat/webapps/hello has finished in 34 ms
Sep 07, 2018 10:38:50 AM org.apache.catalina.startup.HostConfig deployDirectory
INFO: Deploying web application directory /Users/thomaspan/personal/java/HelloWorld/tomcat/webapps/host-manager
Sep 07, 2018 10:38:50 AM org.apache.catalina.startup.HostConfig deployDirectory
INFO: Deployment of web application directory /Users/thomaspan/personal/java/HelloWorld/tomcat/webapps/host-manager has finished in 27 ms
Sep 07, 2018 10:38:50 AM org.apache.catalina.startup.Catalina start
INFO: Server startup in 1953 ms
Sep 07, 2018 10:38:50 AM org.apache.catalina.core.StandardServer await
SEVERE: StandardServer.await: create[localhost:8005]: 
java.net.BindException: Address already in use
	at java.net.PlainSocketImpl.socketBind(Native Method)
	at java.net.AbstractPlainSocketImpl.bind(AbstractPlainSocketImpl.java:387)
	at java.net.ServerSocket.bind(ServerSocket.java:375)
	at java.net.ServerSocket.<init>(ServerSocket.java:237)
	at org.apache.catalina.core.StandardServer.await(StandardServer.java:444)
	at org.apache.catalina.startup.Catalina.await(Catalina.java:781)
	at org.apache.catalina.startup.Catalina.start(Catalina.java:727)
	at sun.reflect.NativeMethodAccessorImpl.invoke0(Native Method)
	at sun.reflect.NativeMethodAccessorImpl.invoke(NativeMethodAccessorImpl.java:62)
	at sun.reflect.DelegatingMethodAccessorImpl.invoke(DelegatingMethodAccessorImpl.java:43)
	at java.lang.reflect.Method.invoke(Method.java:497)
	at org.apache.catalina.startup.Bootstrap.start(Bootstrap.java:294)
	at org.apache.catalina.startup.Bootstrap.main(Bootstrap.java:428)

Sep 07, 2018 10:38:50 AM org.apache.coyote.AbstractProtocol pause
INFO: Pausing ProtocolHandler ["http-bio-9999"]
Sep 07, 2018 10:38:50 AM org.apache.coyote.AbstractProtocol pause
INFO: Pausing ProtocolHandler ["ajp-bio-8009"]
Sep 07, 2018 10:38:50 AM org.apache.catalina.core.StandardService stopInternal
INFO: Stopping service Catalina
Sep 07, 2018 10:38:50 AM org.apache.coyote.AbstractProtocol stop
INFO: Stopping ProtocolHandler ["http-bio-9999"]
Sep 07, 2018 10:38:50 AM org.apache.coyote.AbstractProtocol destroy
INFO: Destroying ProtocolHandler ["http-bio-9999"]
Sep 07, 2018 10:38:50 AM org.apache.coyote.AbstractProtocol stop
INFO: Stopping ProtocolHandler ["ajp-bio-8009"]
Sep 07, 2018 10:38:50 AM org.apache.coyote.AbstractProtocol destroy
INFO: Destroying ProtocolHandler ["ajp-bio-8009"]
Sep 07, 2018 10:38:51 AM org.apache.catalina.core.StandardServer await
INFO: A valid shutdown command was received via the shutdown port. Stopping the Server instance.
Sep 07, 2018 10:38:51 AM org.apache.coyote.AbstractProtocol pause
INFO: Pausing ProtocolHandler ["http-bio-9999"]
Sep 07, 2018 10:38:51 AM org.apache.coyote.AbstractProtocol pause
INFO: Pausing ProtocolHandler ["ajp-bio-8009"]
Sep 07, 2018 10:38:51 AM org.apache.catalina.core.StandardService stopInternal
INFO: Stopping service Catalina
Sep 07, 2018 10:38:51 AM org.apache.coyote.AbstractProtocol stop
INFO: Stopping ProtocolHandler ["http-bio-9999"]
Sep 07, 2018 10:38:51 AM org.apache.coyote.AbstractProtocol stop
INFO: Stopping ProtocolHandler ["ajp-bio-8009"]
Sep 07, 2018 10:38:51 AM org.apache.coyote.AbstractProtocol destroy
INFO: Destroying ProtocolHandler ["http-bio-9999"]
Sep 07, 2018 10:38:51 AM org.apache.coyote.AbstractProtocol destroy
INFO: Destroying ProtocolHandler ["ajp-bio-8009"]
Sep 07, 2018 10:40:09 AM org.apache.catalina.startup.VersionLoggerListener log
INFO: Server version:        Apache Tomcat/7.0.72
Sep 07, 2018 10:40:09 AM org.apache.catalina.startup.VersionLoggerListener log
INFO: Server built:          Sep 14 2016 12:12:26 UTC
Sep 07, 2018 10:40:09 AM org.apache.catalina.startup.VersionLoggerListener log
INFO: Server number:         7.0.72.0
Sep 07, 2018 10:40:09 AM org.apache.catalina.startup.VersionLoggerListener log
INFO: OS Name:               Mac OS X
Sep 07, 2018 10:40:09 AM org.apache.catalina.startup.VersionLoggerListener log
INFO: OS Version:            10.13.6
Sep 07, 2018 10:40:09 AM org.apache.catalina.startup.VersionLoggerListener log
INFO: Architecture:          x86_64
Sep 07, 2018 10:40:09 AM org.apache.catalina.startup.VersionLoggerListener log
INFO: Java Home:             /Library/Java/JavaVirtualMachines/jdk1.8.0_65.jdk/Contents/Home/jre
Sep 07, 2018 10:40:09 AM org.apache.catalina.startup.VersionLoggerListener log
INFO: JVM Version:           1.8.0_65-b17
Sep 07, 2018 10:40:09 AM org.apache.catalina.startup.VersionLoggerListener log
INFO: JVM Vendor:            Oracle Corporation
Sep 07, 2018 10:40:09 AM org.apache.catalina.startup.VersionLoggerListener log
INFO: CATALINA_BASE:         /Users/thomaspan/personal/java/HelloWorld/tomcat
Sep 07, 2018 10:40:09 AM org.apache.catalina.startup.VersionLoggerListener log
INFO: CATALINA_HOME:         /Users/thomaspan/personal/java/HelloWorld/tomcat
Sep 07, 2018 10:40:09 AM org.apache.catalina.startup.VersionLoggerListener log
INFO: Command line argument: -Djava.util.logging.config.file=/Users/thomaspan/personal/java/HelloWorld/tomcat/conf/logging.properties
Sep 07, 2018 10:40:09 AM org.apache.catalina.startup.VersionLoggerListener log
INFO: Command line argument: -Djava.util.logging.manager=org.apache.juli.ClassLoaderLogManager
Sep 07, 2018 10:40:09 AM org.apache.catalina.startup.VersionLoggerListener log
INFO: Command line argument: -Djdk.tls.ephemeralDHKeySize=2048
Sep 07, 2018 10:40:09 AM org.apache.catalina.startup.VersionLoggerListener log
INFO: Command line argument: -Djava.endorsed.dirs=/Users/thomaspan/personal/java/HelloWorld/tomcat/endorsed
Sep 07, 2018 10:40:09 AM org.apache.catalina.startup.VersionLoggerListener log
INFO: Command line argument: -Dcatalina.base=/Users/thomaspan/personal/java/HelloWorld/tomcat
Sep 07, 2018 10:40:09 AM org.apache.catalina.startup.VersionLoggerListener log
INFO: Command line argument: -Dcatalina.home=/Users/thomaspan/personal/java/HelloWorld/tomcat
Sep 07, 2018 10:40:09 AM org.apache.catalina.startup.VersionLoggerListener log
INFO: Command line argument: -Djava.io.tmpdir=/Users/thomaspan/personal/java/HelloWorld/tomcat/temp
Sep 07, 2018 10:40:09 AM org.apache.catalina.core.AprLifecycleListener lifecycleEvent
INFO: The APR based Apache Tomcat Native library which allows optimal performance in production environments was not found on the java.library.path: :/usr/local/mysql/lib:/Users/thomaspan/Library/Java/Extensions:/Library/Java/Extensions:/Network/Library/Java/Extensions:/System/Library/Java/Extensions:/usr/lib/java:.
Sep 07, 2018 10:40:09 AM org.apache.coyote.AbstractProtocol init
INFO: Initializing ProtocolHandler ["http-bio-9999"]
Sep 07, 2018 10:40:09 AM org.apache.coyote.AbstractProtocol init
INFO: Initializing ProtocolHandler ["ajp-bio-8009"]
Sep 07, 2018 10:40:09 AM org.apache.catalina.startup.Catalina load
INFO: Initialization processed in 475 ms
Sep 07, 2018 10:40:09 AM org.apache.catalina.core.StandardService startInternal
INFO: Starting service Catalina
Sep 07, 2018 10:40:09 AM org.apache.catalina.core.StandardEngine startInternal
INFO: Starting Servlet Engine: Apache Tomcat/7.0.72
Sep 07, 2018 10:40:09 AM org.apache.catalina.startup.HostConfig deployWAR
INFO: Deploying web application archive /Users/thomaspan/personal/java/HelloWorld/tomcat/webapps/CounterWebApp.war
Sep 07, 2018 10:40:10 AM org.apache.catalina.startup.TldConfig execute
INFO: At least one JAR was scanned for TLDs yet contained no TLDs. Enable debug logging for this logger for a complete list of JARs that were scanned but no TLDs were found in them. Skipping unneeded JARs during scanning can improve startup time and JSP compilation time.
10:40:10,524 |-INFO in ch.qos.logback.classic.LoggerContext[default] - Could NOT find resource [logback.groovy]
10:40:10,524 |-INFO in ch.qos.logback.classic.LoggerContext[default] - Could NOT find resource [logback-test.xml]
10:40:10,525 |-INFO in ch.qos.logback.classic.LoggerContext[default] - Found resource [logback.xml] at [file:/Users/thomaspan/personal/java/HelloWorld/tomcat/webapps/CounterWebApp/WEB-INF/classes/logback.xml]
10:40:10,555 |-INFO in ch.qos.logback.classic.joran.action.ConfigurationAction - debug attribute not set
10:40:10,574 |-INFO in ch.qos.logback.core.joran.action.AppenderAction - About to instantiate appender of type [ch.qos.logback.core.ConsoleAppender]
10:40:10,580 |-INFO in ch.qos.logback.core.joran.action.AppenderAction - Naming appender as [STDOUT]
10:40:10,623 |-WARN in ch.qos.logback.core.ConsoleAppender[STDOUT] - This appender no longer admits a layout as a sub-component, set an encoder instead.
10:40:10,623 |-WARN in ch.qos.logback.core.ConsoleAppender[STDOUT] - To ensure compatibility, wrapping your layout in LayoutWrappingEncoder.
10:40:10,623 |-WARN in ch.qos.logback.core.ConsoleAppender[STDOUT] - See also http://logback.qos.ch/codes.html#layoutInsteadOfEncoder for details
10:40:10,624 |-INFO in ch.qos.logback.classic.joran.action.LoggerAction - Setting level of logger [com.mkyong.controller] to DEBUG
10:40:10,624 |-INFO in ch.qos.logback.classic.joran.action.LoggerAction - Setting additivity of logger [com.mkyong.controller] to false
10:40:10,624 |-INFO in ch.qos.logback.core.joran.action.AppenderRefAction - Attaching appender named [STDOUT] to Logger[com.mkyong.controller]
10:40:10,624 |-INFO in ch.qos.logback.classic.joran.action.RootLoggerAction - Setting level of ROOT logger to ERROR
10:40:10,624 |-INFO in ch.qos.logback.core.joran.action.AppenderRefAction - Attaching appender named [STDOUT] to Logger[ROOT]
10:40:10,624 |-INFO in ch.qos.logback.classic.joran.action.ConfigurationAction - End of configuration.
10:40:10,625 |-INFO in ch.qos.logback.classic.joran.JoranConfigurator@2d76ee7c - Registering current configuration as safe fallback point

Sep 07, 2018 10:40:11 AM org.apache.catalina.startup.HostConfig deployWAR
INFO: Deployment of web application archive /Users/thomaspan/personal/java/HelloWorld/tomcat/webapps/CounterWebApp.war has finished in 1,435 ms
Sep 07, 2018 10:40:11 AM org.apache.catalina.startup.HostConfig deployDirectory
INFO: Deploying web application directory /Users/thomaspan/personal/java/HelloWorld/tomcat/webapps/docs
Sep 07, 2018 10:40:11 AM org.apache.catalina.startup.HostConfig deployDirectory
INFO: Deployment of web application directory /Users/thomaspan/personal/java/HelloWorld/tomcat/webapps/docs has finished in 28 ms
Sep 07, 2018 10:40:11 AM org.apache.catalina.startup.HostConfig deployDirectory
INFO: Deploying web application directory /Users/thomaspan/personal/java/HelloWorld/tomcat/webapps/manager
Sep 07, 2018 10:40:11 AM org.apache.catalina.startup.HostConfig deployDirectory
INFO: Deployment of web application directory /Users/thomaspan/personal/java/HelloWorld/tomcat/webapps/manager has finished in 41 ms
Sep 07, 2018 10:40:11 AM org.apache.catalina.startup.HostConfig deployDirectory
INFO: Deploying web application directory /Users/thomaspan/personal/java/HelloWorld/tomcat/webapps/examples
Sep 07, 2018 10:40:11 AM org.apache.catalina.startup.HostConfig deployDirectory
INFO: Deployment of web application directory /Users/thomaspan/personal/java/HelloWorld/tomcat/webapps/examples has finished in 125 ms
Sep 07, 2018 10:40:11 AM org.apache.catalina.startup.HostConfig deployDirectory
INFO: Deploying web application directory /Users/thomaspan/personal/java/HelloWorld/tomcat/webapps/ROOT
Sep 07, 2018 10:40:11 AM org.apache.catalina.startup.HostConfig deployDirectory
INFO: Deployment of web application directory /Users/thomaspan/personal/java/HelloWorld/tomcat/webapps/ROOT has finished in 21 ms
Sep 07, 2018 10:40:11 AM org.apache.catalina.startup.HostConfig deployDirectory
INFO: Deploying web application directory /Users/thomaspan/personal/java/HelloWorld/tomcat/webapps/hello
Sep 07, 2018 10:40:11 AM org.apache.catalina.startup.HostConfig deployDirectory
INFO: Deployment of web application directory /Users/thomaspan/personal/java/HelloWorld/tomcat/webapps/hello has finished in 32 ms
Sep 07, 2018 10:40:11 AM org.apache.catalina.startup.HostConfig deployDirectory
INFO: Deploying web application directory /Users/thomaspan/personal/java/HelloWorld/tomcat/webapps/host-manager
Sep 07, 2018 10:40:11 AM org.apache.catalina.startup.HostConfig deployDirectory
INFO: Deployment of web application directory /Users/thomaspan/personal/java/HelloWorld/tomcat/webapps/host-manager has finished in 25 ms
Sep 07, 2018 10:40:11 AM org.apache.coyote.AbstractProtocol start
INFO: Starting ProtocolHandler ["http-bio-9999"]
Sep 07, 2018 10:40:11 AM org.apache.coyote.AbstractProtocol start
INFO: Starting ProtocolHandler ["ajp-bio-8009"]
Sep 07, 2018 10:40:11 AM org.apache.catalina.startup.Catalina start
INFO: Server startup in 1755 ms
Sep 07, 2018 10:42:21 AM org.apache.catalina.core.StandardServer await
INFO: A valid shutdown command was received via the shutdown port. Stopping the Server instance.
Sep 07, 2018 10:42:21 AM org.apache.coyote.AbstractProtocol pause
INFO: Pausing ProtocolHandler ["http-bio-9999"]
Sep 07, 2018 10:42:21 AM org.apache.coyote.AbstractProtocol pause
INFO: Pausing ProtocolHandler ["ajp-bio-8009"]
Sep 07, 2018 10:42:21 AM org.apache.catalina.core.StandardService stopInternal
INFO: Stopping service Catalina
Sep 07, 2018 10:42:21 AM org.apache.coyote.AbstractProtocol stop
INFO: Stopping ProtocolHandler ["http-bio-9999"]
Sep 07, 2018 10:42:21 AM org.apache.coyote.AbstractProtocol stop
INFO: Stopping ProtocolHandler ["ajp-bio-8009"]
Sep 07, 2018 10:42:21 AM org.apache.coyote.AbstractProtocol destroy
INFO: Destroying ProtocolHandler ["http-bio-9999"]
Sep 07, 2018 10:42:21 AM org.apache.coyote.AbstractProtocol destroy
INFO: Destroying ProtocolHandler ["ajp-bio-8009"]
Sep 07, 2018 10:42:28 AM org.apache.catalina.startup.VersionLoggerListener log
INFO: Server version:        Apache Tomcat/7.0.72
Sep 07, 2018 10:42:28 AM org.apache.catalina.startup.VersionLoggerListener log
INFO: Server built:          Sep 14 2016 12:12:26 UTC
Sep 07, 2018 10:42:28 AM org.apache.catalina.startup.VersionLoggerListener log
INFO: Server number:         7.0.72.0
Sep 07, 2018 10:42:28 AM org.apache.catalina.startup.VersionLoggerListener log
INFO: OS Name:               Mac OS X
Sep 07, 2018 10:42:28 AM org.apache.catalina.startup.VersionLoggerListener log
INFO: OS Version:            10.13.6
Sep 07, 2018 10:42:28 AM org.apache.catalina.startup.VersionLoggerListener log
INFO: Architecture:          x86_64
Sep 07, 2018 10:42:28 AM org.apache.catalina.startup.VersionLoggerListener log
INFO: Java Home:             /Library/Java/JavaVirtualMachines/jdk1.8.0_65.jdk/Contents/Home/jre
Sep 07, 2018 10:42:28 AM org.apache.catalina.startup.VersionLoggerListener log
INFO: JVM Version:           1.8.0_65-b17
Sep 07, 2018 10:42:28 AM org.apache.catalina.startup.VersionLoggerListener log
INFO: JVM Vendor:            Oracle Corporation
Sep 07, 2018 10:42:28 AM org.apache.catalina.startup.VersionLoggerListener log
INFO: CATALINA_BASE:         /Users/thomaspan/personal/java/HelloWorld/tomcat
Sep 07, 2018 10:42:28 AM org.apache.catalina.startup.VersionLoggerListener log
INFO: CATALINA_HOME:         /Users/thomaspan/personal/java/HelloWorld/tomcat
Sep 07, 2018 10:42:28 AM org.apache.catalina.startup.VersionLoggerListener log
INFO: Command line argument: -Djava.util.logging.config.file=/Users/thomaspan/personal/java/HelloWorld/tomcat/conf/logging.properties
Sep 07, 2018 10:42:28 AM org.apache.catalina.startup.VersionLoggerListener log
INFO: Command line argument: -Djava.util.logging.manager=org.apache.juli.ClassLoaderLogManager
Sep 07, 2018 10:42:28 AM org.apache.catalina.startup.VersionLoggerListener log
INFO: Command line argument: -Djdk.tls.ephemeralDHKeySize=2048
Sep 07, 2018 10:42:28 AM org.apache.catalina.startup.VersionLoggerListener log
INFO: Command line argument: -Djava.endorsed.dirs=/Users/thomaspan/personal/java/HelloWorld/tomcat/endorsed
Sep 07, 2018 10:42:28 AM org.apache.catalina.startup.VersionLoggerListener log
INFO: Command line argument: -Dcatalina.base=/Users/thomaspan/personal/java/HelloWorld/tomcat
Sep 07, 2018 10:42:28 AM org.apache.catalina.startup.VersionLoggerListener log
INFO: Command line argument: -Dcatalina.home=/Users/thomaspan/personal/java/HelloWorld/tomcat
Sep 07, 2018 10:42:28 AM org.apache.catalina.startup.VersionLoggerListener log
INFO: Command line argument: -Djava.io.tmpdir=/Users/thomaspan/personal/java/HelloWorld/tomcat/temp
Sep 07, 2018 10:42:28 AM org.apache.catalina.core.AprLifecycleListener lifecycleEvent
INFO: The APR based Apache Tomcat Native library which allows optimal performance in production environments was not found on the java.library.path: :/usr/local/mysql/lib:/Users/thomaspan/Library/Java/Extensions:/Library/Java/Extensions:/Network/Library/Java/Extensions:/System/Library/Java/Extensions:/usr/lib/java:.
Sep 07, 2018 10:42:28 AM org.apache.coyote.AbstractProtocol init
INFO: Initializing ProtocolHandler ["http-bio-9999"]
Sep 07, 2018 10:42:28 AM org.apache.coyote.AbstractProtocol init
INFO: Initializing ProtocolHandler ["ajp-bio-8009"]
Sep 07, 2018 10:42:28 AM org.apache.catalina.startup.Catalina load
INFO: Initialization processed in 478 ms
Sep 07, 2018 10:42:28 AM org.apache.catalina.core.StandardService startInternal
INFO: Starting service Catalina
Sep 07, 2018 10:42:28 AM org.apache.catalina.core.StandardEngine startInternal
INFO: Starting Servlet Engine: Apache Tomcat/7.0.72
Sep 07, 2018 10:42:28 AM org.apache.catalina.startup.HostConfig deployWAR
INFO: Deploying web application archive /Users/thomaspan/personal/java/HelloWorld/tomcat/webapps/CounterWebApp.war
Sep 07, 2018 10:42:28 AM org.apache.catalina.startup.TldConfig execute
INFO: At least one JAR was scanned for TLDs yet contained no TLDs. Enable debug logging for this logger for a complete list of JARs that were scanned but no TLDs were found in them. Skipping unneeded JARs during scanning can improve startup time and JSP compilation time.
10:42:29,049 |-INFO in ch.qos.logback.classic.LoggerContext[default] - Could NOT find resource [logback.groovy]
10:42:29,050 |-INFO in ch.qos.logback.classic.LoggerContext[default] - Could NOT find resource [logback-test.xml]
10:42:29,050 |-INFO in ch.qos.logback.classic.LoggerContext[default] - Found resource [logback.xml] at [file:/Users/thomaspan/personal/java/HelloWorld/tomcat/webapps/CounterWebApp/WEB-INF/classes/logback.xml]
10:42:29,077 |-INFO in ch.qos.logback.classic.joran.action.ConfigurationAction - debug attribute not set
10:42:29,092 |-INFO in ch.qos.logback.core.joran.action.AppenderAction - About to instantiate appender of type [ch.qos.logback.core.ConsoleAppender]
10:42:29,098 |-INFO in ch.qos.logback.core.joran.action.AppenderAction - Naming appender as [STDOUT]
10:42:29,139 |-WARN in ch.qos.logback.core.ConsoleAppender[STDOUT] - This appender no longer admits a layout as a sub-component, set an encoder instead.
10:42:29,139 |-WARN in ch.qos.logback.core.ConsoleAppender[STDOUT] - To ensure compatibility, wrapping your layout in LayoutWrappingEncoder.
10:42:29,139 |-WARN in ch.qos.logback.core.ConsoleAppender[STDOUT] - See also http://logback.qos.ch/codes.html#layoutInsteadOfEncoder for details
10:42:29,140 |-INFO in ch.qos.logback.classic.joran.action.LoggerAction - Setting level of logger [com.mkyong.controller] to DEBUG
10:42:29,140 |-INFO in ch.qos.logback.classic.joran.action.LoggerAction - Setting additivity of logger [com.mkyong.controller] to false
10:42:29,140 |-INFO in ch.qos.logback.core.joran.action.AppenderRefAction - Attaching appender named [STDOUT] to Logger[com.mkyong.controller]
10:42:29,140 |-INFO in ch.qos.logback.classic.joran.action.RootLoggerAction - Setting level of ROOT logger to ERROR
10:42:29,140 |-INFO in ch.qos.logback.core.joran.action.AppenderRefAction - Attaching appender named [STDOUT] to Logger[ROOT]
10:42:29,140 |-INFO in ch.qos.logback.classic.joran.action.ConfigurationAction - End of configuration.
10:42:29,141 |-INFO in ch.qos.logback.classic.joran.JoranConfigurator@5bf99e7c - Registering current configuration as safe fallback point

Sep 07, 2018 10:42:29 AM org.apache.catalina.startup.HostConfig deployWAR
INFO: Deployment of web application archive /Users/thomaspan/personal/java/HelloWorld/tomcat/webapps/CounterWebApp.war has finished in 1,432 ms
Sep 07, 2018 10:42:29 AM org.apache.catalina.startup.HostConfig deployDirectory
INFO: Deploying web application directory /Users/thomaspan/personal/java/HelloWorld/tomcat/webapps/docs
Sep 07, 2018 10:42:29 AM org.apache.catalina.startup.HostConfig deployDirectory
INFO: Deployment of web application directory /Users/thomaspan/personal/java/HelloWorld/tomcat/webapps/docs has finished in 30 ms
Sep 07, 2018 10:42:29 AM org.apache.catalina.startup.HostConfig deployDirectory
INFO: Deploying web application directory /Users/thomaspan/personal/java/HelloWorld/tomcat/webapps/manager
Sep 07, 2018 10:42:29 AM org.apache.catalina.startup.HostConfig deployDirectory
INFO: Deployment of web application directory /Users/thomaspan/personal/java/HelloWorld/tomcat/webapps/manager has finished in 36 ms
Sep 07, 2018 10:42:29 AM org.apache.catalina.startup.HostConfig deployDirectory
INFO: Deploying web application directory /Users/thomaspan/personal/java/HelloWorld/tomcat/webapps/examples
Sep 07, 2018 10:42:29 AM org.apache.catalina.startup.HostConfig deployDirectory
INFO: Deployment of web application directory /Users/thomaspan/personal/java/HelloWorld/tomcat/webapps/examples has finished in 146 ms
Sep 07, 2018 10:42:29 AM org.apache.catalina.startup.HostConfig deployDirectory
INFO: Deploying web application directory /Users/thomaspan/personal/java/HelloWorld/tomcat/webapps/ROOT
Sep 07, 2018 10:42:29 AM org.apache.catalina.startup.HostConfig deployDirectory
INFO: Deployment of web application directory /Users/thomaspan/personal/java/HelloWorld/tomcat/webapps/ROOT has finished in 22 ms
Sep 07, 2018 10:42:29 AM org.apache.catalina.startup.HostConfig deployDirectory
INFO: Deploying web application directory /Users/thomaspan/personal/java/HelloWorld/tomcat/webapps/hello
Sep 07, 2018 10:42:29 AM org.apache.catalina.startup.HostConfig deployDirectory
INFO: Deployment of web application directory /Users/thomaspan/personal/java/HelloWorld/tomcat/webapps/hello has finished in 31 ms
Sep 07, 2018 10:42:29 AM org.apache.catalina.startup.HostConfig deployDirectory
INFO: Deploying web application directory /Users/thomaspan/personal/java/HelloWorld/tomcat/webapps/host-manager
Sep 07, 2018 10:42:29 AM org.apache.catalina.startup.HostConfig deployDirectory
INFO: Deployment of web application directory /Users/thomaspan/personal/java/HelloWorld/tomcat/webapps/host-manager has finished in 25 ms
Sep 07, 2018 10:42:29 AM org.apache.coyote.AbstractProtocol start
INFO: Starting ProtocolHandler ["http-bio-9999"]
Sep 07, 2018 10:42:29 AM org.apache.coyote.AbstractProtocol start
INFO: Starting ProtocolHandler ["ajp-bio-8009"]
Sep 07, 2018 10:42:29 AM org.apache.catalina.startup.Catalina start
INFO: Server startup in 1773 ms
Sep 07, 2018 10:49:19 AM org.apache.catalina.startup.VersionLoggerListener log
INFO: Server version:        Apache Tomcat/7.0.72
Sep 07, 2018 10:49:19 AM org.apache.catalina.startup.VersionLoggerListener log
INFO: Server built:          Sep 14 2016 12:12:26 UTC
Sep 07, 2018 10:49:19 AM org.apache.catalina.startup.VersionLoggerListener log
INFO: Server number:         7.0.72.0
Sep 07, 2018 10:49:19 AM org.apache.catalina.startup.VersionLoggerListener log
INFO: OS Name:               Mac OS X
Sep 07, 2018 10:49:19 AM org.apache.catalina.startup.VersionLoggerListener log
INFO: OS Version:            10.13.6
Sep 07, 2018 10:49:19 AM org.apache.catalina.startup.VersionLoggerListener log
INFO: Architecture:          x86_64
Sep 07, 2018 10:49:19 AM org.apache.catalina.startup.VersionLoggerListener log
INFO: Java Home:             /Library/Java/JavaVirtualMachines/jdk1.8.0_65.jdk/Contents/Home/jre
Sep 07, 2018 10:49:19 AM org.apache.catalina.startup.VersionLoggerListener log
INFO: JVM Version:           1.8.0_65-b17
Sep 07, 2018 10:49:19 AM org.apache.catalina.startup.VersionLoggerListener log
INFO: JVM Vendor:            Oracle Corporation
Sep 07, 2018 10:49:19 AM org.apache.catalina.startup.VersionLoggerListener log
INFO: CATALINA_BASE:         /Users/thomaspan/personal/java/HelloWorld/tomcat
Sep 07, 2018 10:49:19 AM org.apache.catalina.startup.VersionLoggerListener log
INFO: CATALINA_HOME:         /Users/thomaspan/personal/java/HelloWorld/tomcat
Sep 07, 2018 10:49:19 AM org.apache.catalina.startup.VersionLoggerListener log
INFO: Command line argument: -Djava.util.logging.config.file=/Users/thomaspan/personal/java/HelloWorld/tomcat/conf/logging.properties
Sep 07, 2018 10:49:19 AM org.apache.catalina.startup.VersionLoggerListener log
INFO: Command line argument: -Djava.util.logging.manager=org.apache.juli.ClassLoaderLogManager
Sep 07, 2018 10:49:19 AM org.apache.catalina.startup.VersionLoggerListener log
INFO: Command line argument: -Djdk.tls.ephemeralDHKeySize=2048
Sep 07, 2018 10:49:19 AM org.apache.catalina.startup.VersionLoggerListener log
INFO: Command line argument: -Djava.endorsed.dirs=/Users/thomaspan/personal/java/HelloWorld/tomcat/endorsed
Sep 07, 2018 10:49:19 AM org.apache.catalina.startup.VersionLoggerListener log
INFO: Command line argument: -Dcatalina.base=/Users/thomaspan/personal/java/HelloWorld/tomcat
Sep 07, 2018 10:49:19 AM org.apache.catalina.startup.VersionLoggerListener log
INFO: Command line argument: -Dcatalina.home=/Users/thomaspan/personal/java/HelloWorld/tomcat
Sep 07, 2018 10:49:19 AM org.apache.catalina.startup.VersionLoggerListener log
INFO: Command line argument: -Djava.io.tmpdir=/Users/thomaspan/personal/java/HelloWorld/tomcat/temp
Sep 07, 2018 10:49:19 AM org.apache.catalina.core.AprLifecycleListener lifecycleEvent
INFO: The APR based Apache Tomcat Native library which allows optimal performance in production environments was not found on the java.library.path: :/usr/local/mysql/lib:/Users/thomaspan/Library/Java/Extensions:/Library/Java/Extensions:/Network/Library/Java/Extensions:/System/Library/Java/Extensions:/usr/lib/java:.
Sep 07, 2018 10:49:19 AM org.apache.coyote.AbstractProtocol init
INFO: Initializing ProtocolHandler ["http-bio-9999"]
Sep 07, 2018 10:49:19 AM org.apache.coyote.AbstractProtocol init
SEVERE: Failed to initialize end point associated with ProtocolHandler ["http-bio-9999"]
java.net.BindException: Address already in use <null>:9999
	at org.apache.tomcat.util.net.JIoEndpoint.bind(JIoEndpoint.java:413)
	at org.apache.tomcat.util.net.AbstractEndpoint.init(AbstractEndpoint.java:650)
	at org.apache.coyote.AbstractProtocol.init(AbstractProtocol.java:452)
	at org.apache.coyote.http11.AbstractHttp11JsseProtocol.init(AbstractHttp11JsseProtocol.java:119)
	at org.apache.catalina.connector.Connector.initInternal(Connector.java:978)
	at org.apache.catalina.util.LifecycleBase.init(LifecycleBase.java:102)
	at org.apache.catalina.core.StandardService.initInternal(StandardService.java:560)
	at org.apache.catalina.util.LifecycleBase.init(LifecycleBase.java:102)
	at org.apache.catalina.core.StandardServer.initInternal(StandardServer.java:838)
	at org.apache.catalina.util.LifecycleBase.init(LifecycleBase.java:102)
	at org.apache.catalina.startup.Catalina.load(Catalina.java:642)
	at org.apache.catalina.startup.Catalina.load(Catalina.java:667)
	at sun.reflect.NativeMethodAccessorImpl.invoke0(Native Method)
	at sun.reflect.NativeMethodAccessorImpl.invoke(NativeMethodAccessorImpl.java:62)
	at sun.reflect.DelegatingMethodAccessorImpl.invoke(DelegatingMethodAccessorImpl.java:43)
	at java.lang.reflect.Method.invoke(Method.java:497)
	at org.apache.catalina.startup.Bootstrap.load(Bootstrap.java:253)
	at org.apache.catalina.startup.Bootstrap.main(Bootstrap.java:427)
Caused by: java.net.BindException: Address already in use
	at java.net.PlainSocketImpl.socketBind(Native Method)
	at java.net.AbstractPlainSocketImpl.bind(AbstractPlainSocketImpl.java:387)
	at java.net.ServerSocket.bind(ServerSocket.java:375)
	at java.net.ServerSocket.<init>(ServerSocket.java:237)
	at java.net.ServerSocket.<init>(ServerSocket.java:181)
	at org.apache.tomcat.util.net.DefaultServerSocketFactory.createSocket(DefaultServerSocketFactory.java:49)
	at org.apache.tomcat.util.net.JIoEndpoint.bind(JIoEndpoint.java:400)
	... 17 more

Sep 07, 2018 10:49:19 AM org.apache.catalina.core.StandardService initInternal
SEVERE: Failed to initialize connector [Connector[HTTP/1.1-9999]]
org.apache.catalina.LifecycleException: Failed to initialize component [Connector[HTTP/1.1-9999]]
	at org.apache.catalina.util.LifecycleBase.init(LifecycleBase.java:107)
	at org.apache.catalina.core.StandardService.initInternal(StandardService.java:560)
	at org.apache.catalina.util.LifecycleBase.init(LifecycleBase.java:102)
	at org.apache.catalina.core.StandardServer.initInternal(StandardServer.java:838)
	at org.apache.catalina.util.LifecycleBase.init(LifecycleBase.java:102)
	at org.apache.catalina.startup.Catalina.load(Catalina.java:642)
	at org.apache.catalina.startup.Catalina.load(Catalina.java:667)
	at sun.reflect.NativeMethodAccessorImpl.invoke0(Native Method)
	at sun.reflect.NativeMethodAccessorImpl.invoke(NativeMethodAccessorImpl.java:62)
	at sun.reflect.DelegatingMethodAccessorImpl.invoke(DelegatingMethodAccessorImpl.java:43)
	at java.lang.reflect.Method.invoke(Method.java:497)
	at org.apache.catalina.startup.Bootstrap.load(Bootstrap.java:253)
	at org.apache.catalina.startup.Bootstrap.main(Bootstrap.java:427)
Caused by: org.apache.catalina.LifecycleException: Protocol handler initialization failed
	at org.apache.catalina.connector.Connector.initInternal(Connector.java:980)
	at org.apache.catalina.util.LifecycleBase.init(LifecycleBase.java:102)
	... 12 more
Caused by: java.net.BindException: Address already in use <null>:9999
	at org.apache.tomcat.util.net.JIoEndpoint.bind(JIoEndpoint.java:413)
	at org.apache.tomcat.util.net.AbstractEndpoint.init(AbstractEndpoint.java:650)
	at org.apache.coyote.AbstractProtocol.init(AbstractProtocol.java:452)
	at org.apache.coyote.http11.AbstractHttp11JsseProtocol.init(AbstractHttp11JsseProtocol.java:119)
	at org.apache.catalina.connector.Connector.initInternal(Connector.java:978)
	... 13 more
Caused by: java.net.BindException: Address already in use
	at java.net.PlainSocketImpl.socketBind(Native Method)
	at java.net.AbstractPlainSocketImpl.bind(AbstractPlainSocketImpl.java:387)
	at java.net.ServerSocket.bind(ServerSocket.java:375)
	at java.net.ServerSocket.<init>(ServerSocket.java:237)
	at java.net.ServerSocket.<init>(ServerSocket.java:181)
	at org.apache.tomcat.util.net.DefaultServerSocketFactory.createSocket(DefaultServerSocketFactory.java:49)
	at org.apache.tomcat.util.net.JIoEndpoint.bind(JIoEndpoint.java:400)
	... 17 more

Sep 07, 2018 10:49:19 AM org.apache.coyote.AbstractProtocol init
INFO: Initializing ProtocolHandler ["ajp-bio-8009"]
Sep 07, 2018 10:49:19 AM org.apache.coyote.AbstractProtocol init
SEVERE: Failed to initialize end point associated with ProtocolHandler ["ajp-bio-8009"]
java.net.BindException: Address already in use <null>:8009
	at org.apache.tomcat.util.net.JIoEndpoint.bind(JIoEndpoint.java:413)
	at org.apache.tomcat.util.net.AbstractEndpoint.init(AbstractEndpoint.java:650)
	at org.apache.coyote.AbstractProtocol.init(AbstractProtocol.java:452)
	at org.apache.catalina.connector.Connector.initInternal(Connector.java:978)
	at org.apache.catalina.util.LifecycleBase.init(LifecycleBase.java:102)
	at org.apache.catalina.core.StandardService.initInternal(StandardService.java:560)
	at org.apache.catalina.util.LifecycleBase.init(LifecycleBase.java:102)
	at org.apache.catalina.core.StandardServer.initInternal(StandardServer.java:838)
	at org.apache.catalina.util.LifecycleBase.init(LifecycleBase.java:102)
	at org.apache.catalina.startup.Catalina.load(Catalina.java:642)
	at org.apache.catalina.startup.Catalina.load(Catalina.java:667)
	at sun.reflect.NativeMethodAccessorImpl.invoke0(Native Method)
	at sun.reflect.NativeMethodAccessorImpl.invoke(NativeMethodAccessorImpl.java:62)
	at sun.reflect.DelegatingMethodAccessorImpl.invoke(DelegatingMethodAccessorImpl.java:43)
	at java.lang.reflect.Method.invoke(Method.java:497)
	at org.apache.catalina.startup.Bootstrap.load(Bootstrap.java:253)
	at org.apache.catalina.startup.Bootstrap.main(Bootstrap.java:427)
Caused by: java.net.BindException: Address already in use
	at java.net.PlainSocketImpl.socketBind(Native Method)
	at java.net.AbstractPlainSocketImpl.bind(AbstractPlainSocketImpl.java:387)
	at java.net.ServerSocket.bind(ServerSocket.java:375)
	at java.net.ServerSocket.<init>(ServerSocket.java:237)
	at java.net.ServerSocket.<init>(ServerSocket.java:181)
	at org.apache.tomcat.util.net.DefaultServerSocketFactory.createSocket(DefaultServerSocketFactory.java:49)
	at org.apache.tomcat.util.net.JIoEndpoint.bind(JIoEndpoint.java:400)
	... 16 more

Sep 07, 2018 10:49:19 AM org.apache.catalina.core.StandardService initInternal
SEVERE: Failed to initialize connector [Connector[AJP/1.3-8009]]
org.apache.catalina.LifecycleException: Failed to initialize component [Connector[AJP/1.3-8009]]
	at org.apache.catalina.util.LifecycleBase.init(LifecycleBase.java:107)
	at org.apache.catalina.core.StandardService.initInternal(StandardService.java:560)
	at org.apache.catalina.util.LifecycleBase.init(LifecycleBase.java:102)
	at org.apache.catalina.core.StandardServer.initInternal(StandardServer.java:838)
	at org.apache.catalina.util.LifecycleBase.init(LifecycleBase.java:102)
	at org.apache.catalina.startup.Catalina.load(Catalina.java:642)
	at org.apache.catalina.startup.Catalina.load(Catalina.java:667)
	at sun.reflect.NativeMethodAccessorImpl.invoke0(Native Method)
	at sun.reflect.NativeMethodAccessorImpl.invoke(NativeMethodAccessorImpl.java:62)
	at sun.reflect.DelegatingMethodAccessorImpl.invoke(DelegatingMethodAccessorImpl.java:43)
	at java.lang.reflect.Method.invoke(Method.java:497)
	at org.apache.catalina.startup.Bootstrap.load(Bootstrap.java:253)
	at org.apache.catalina.startup.Bootstrap.main(Bootstrap.java:427)
Caused by: org.apache.catalina.LifecycleException: Protocol handler initialization failed
	at org.apache.catalina.connector.Connector.initInternal(Connector.java:980)
	at org.apache.catalina.util.LifecycleBase.init(LifecycleBase.java:102)
	... 12 more
Caused by: java.net.BindException: Address already in use <null>:8009
	at org.apache.tomcat.util.net.JIoEndpoint.bind(JIoEndpoint.java:413)
	at org.apache.tomcat.util.net.AbstractEndpoint.init(AbstractEndpoint.java:650)
	at org.apache.coyote.AbstractProtocol.init(AbstractProtocol.java:452)
	at org.apache.catalina.connector.Connector.initInternal(Connector.java:978)
	... 13 more
Caused by: java.net.BindException: Address already in use
	at java.net.PlainSocketImpl.socketBind(Native Method)
	at java.net.AbstractPlainSocketImpl.bind(AbstractPlainSocketImpl.java:387)
	at java.net.ServerSocket.bind(ServerSocket.java:375)
	at java.net.ServerSocket.<init>(ServerSocket.java:237)
	at java.net.ServerSocket.<init>(ServerSocket.java:181)
	at org.apache.tomcat.util.net.DefaultServerSocketFactory.createSocket(DefaultServerSocketFactory.java:49)
	at org.apache.tomcat.util.net.JIoEndpoint.bind(JIoEndpoint.java:400)
	... 16 more

Sep 07, 2018 10:49:19 AM org.apache.catalina.startup.Catalina load
INFO: Initialization processed in 501 ms
Sep 07, 2018 10:49:19 AM org.apache.catalina.core.StandardService startInternal
INFO: Starting service Catalina
Sep 07, 2018 10:49:19 AM org.apache.catalina.core.StandardEngine startInternal
INFO: Starting Servlet Engine: Apache Tomcat/7.0.72
Sep 07, 2018 10:49:19 AM org.apache.catalina.startup.HostConfig deployWAR
INFO: Deploying web application archive /Users/thomaspan/personal/java/HelloWorld/tomcat/webapps/CounterWebApp.war
Sep 07, 2018 10:49:20 AM org.apache.catalina.startup.TldConfig execute
INFO: At least one JAR was scanned for TLDs yet contained no TLDs. Enable debug logging for this logger for a complete list of JARs that were scanned but no TLDs were found in them. Skipping unneeded JARs during scanning can improve startup time and JSP compilation time.
10:49:20,351 |-INFO in ch.qos.logback.classic.LoggerContext[default] - Could NOT find resource [logback.groovy]
10:49:20,352 |-INFO in ch.qos.logback.classic.LoggerContext[default] - Could NOT find resource [logback-test.xml]
10:49:20,352 |-INFO in ch.qos.logback.classic.LoggerContext[default] - Found resource [logback.xml] at [file:/Users/thomaspan/personal/java/HelloWorld/tomcat/webapps/CounterWebApp/WEB-INF/classes/logback.xml]
10:49:20,385 |-INFO in ch.qos.logback.classic.joran.action.ConfigurationAction - debug attribute not set
10:49:20,406 |-INFO in ch.qos.logback.core.joran.action.AppenderAction - About to instantiate appender of type [ch.qos.logback.core.ConsoleAppender]
10:49:20,412 |-INFO in ch.qos.logback.core.joran.action.AppenderAction - Naming appender as [STDOUT]
10:49:20,453 |-WARN in ch.qos.logback.core.ConsoleAppender[STDOUT] - This appender no longer admits a layout as a sub-component, set an encoder instead.
10:49:20,453 |-WARN in ch.qos.logback.core.ConsoleAppender[STDOUT] - To ensure compatibility, wrapping your layout in LayoutWrappingEncoder.
10:49:20,453 |-WARN in ch.qos.logback.core.ConsoleAppender[STDOUT] - See also http://logback.qos.ch/codes.html#layoutInsteadOfEncoder for details
10:49:20,454 |-INFO in ch.qos.logback.classic.joran.action.LoggerAction - Setting level of logger [com.mkyong.controller] to DEBUG
10:49:20,454 |-INFO in ch.qos.logback.classic.joran.action.LoggerAction - Setting additivity of logger [com.mkyong.controller] to false
10:49:20,454 |-INFO in ch.qos.logback.core.joran.action.AppenderRefAction - Attaching appender named [STDOUT] to Logger[com.mkyong.controller]
10:49:20,454 |-INFO in ch.qos.logback.classic.joran.action.RootLoggerAction - Setting level of ROOT logger to ERROR
10:49:20,454 |-INFO in ch.qos.logback.core.joran.action.AppenderRefAction - Attaching appender named [STDOUT] to Logger[ROOT]
10:49:20,454 |-INFO in ch.qos.logback.classic.joran.action.ConfigurationAction - End of configuration.
10:49:20,455 |-INFO in ch.qos.logback.classic.joran.JoranConfigurator@30b6ca67 - Registering current configuration as safe fallback point

Sep 07, 2018 10:49:21 AM org.apache.catalina.startup.HostConfig deployWAR
INFO: Deployment of web application archive /Users/thomaspan/personal/java/HelloWorld/tomcat/webapps/CounterWebApp.war has finished in 1,572 ms
Sep 07, 2018 10:49:21 AM org.apache.catalina.startup.HostConfig deployDirectory
INFO: Deploying web application directory /Users/thomaspan/personal/java/HelloWorld/tomcat/webapps/docs
Sep 07, 2018 10:49:21 AM org.apache.catalina.startup.HostConfig deployDirectory
INFO: Deployment of web application directory /Users/thomaspan/personal/java/HelloWorld/tomcat/webapps/docs has finished in 32 ms
Sep 07, 2018 10:49:21 AM org.apache.catalina.startup.HostConfig deployDirectory
INFO: Deploying web application directory /Users/thomaspan/personal/java/HelloWorld/tomcat/webapps/manager
Sep 07, 2018 10:49:21 AM org.apache.catalina.startup.HostConfig deployDirectory
INFO: Deployment of web application directory /Users/thomaspan/personal/java/HelloWorld/tomcat/webapps/manager has finished in 49 ms
Sep 07, 2018 10:49:21 AM org.apache.catalina.startup.HostConfig deployDirectory
INFO: Deploying web application directory /Users/thomaspan/personal/java/HelloWorld/tomcat/webapps/examples
Sep 07, 2018 10:49:21 AM org.apache.catalina.startup.HostConfig deployDirectory
INFO: Deployment of web application directory /Users/thomaspan/personal/java/HelloWorld/tomcat/webapps/examples has finished in 220 ms
Sep 07, 2018 10:49:21 AM org.apache.catalina.startup.HostConfig deployDirectory
INFO: Deploying web application directory /Users/thomaspan/personal/java/HelloWorld/tomcat/webapps/ROOT
Sep 07, 2018 10:49:21 AM org.apache.catalina.startup.HostConfig deployDirectory
INFO: Deployment of web application directory /Users/thomaspan/personal/java/HelloWorld/tomcat/webapps/ROOT has finished in 27 ms
Sep 07, 2018 10:49:21 AM org.apache.catalina.startup.HostConfig deployDirectory
INFO: Deploying web application directory /Users/thomaspan/personal/java/HelloWorld/tomcat/webapps/hello
Sep 07, 2018 10:49:21 AM org.apache.catalina.startup.HostConfig deployDirectory
INFO: Deployment of web application directory /Users/thomaspan/personal/java/HelloWorld/tomcat/webapps/hello has finished in 37 ms
Sep 07, 2018 10:49:21 AM org.apache.catalina.startup.HostConfig deployDirectory
INFO: Deploying web application directory /Users/thomaspan/personal/java/HelloWorld/tomcat/webapps/host-manager
Sep 07, 2018 10:49:21 AM org.apache.catalina.startup.HostConfig deployDirectory
INFO: Deployment of web application directory /Users/thomaspan/personal/java/HelloWorld/tomcat/webapps/host-manager has finished in 39 ms
Sep 07, 2018 10:49:21 AM org.apache.catalina.startup.Catalina start
INFO: Server startup in 2022 ms
Sep 07, 2018 10:49:21 AM org.apache.catalina.core.StandardServer await
SEVERE: StandardServer.await: create[localhost:8005]: 
java.net.BindException: Address already in use
	at java.net.PlainSocketImpl.socketBind(Native Method)
	at java.net.AbstractPlainSocketImpl.bind(AbstractPlainSocketImpl.java:387)
	at java.net.ServerSocket.bind(ServerSocket.java:375)
	at java.net.ServerSocket.<init>(ServerSocket.java:237)
	at org.apache.catalina.core.StandardServer.await(StandardServer.java:444)
	at org.apache.catalina.startup.Catalina.await(Catalina.java:781)
	at org.apache.catalina.startup.Catalina.start(Catalina.java:727)
	at sun.reflect.NativeMethodAccessorImpl.invoke0(Native Method)
	at sun.reflect.NativeMethodAccessorImpl.invoke(NativeMethodAccessorImpl.java:62)
	at sun.reflect.DelegatingMethodAccessorImpl.invoke(DelegatingMethodAccessorImpl.java:43)
	at java.lang.reflect.Method.invoke(Method.java:497)
	at org.apache.catalina.startup.Bootstrap.start(Bootstrap.java:294)
	at org.apache.catalina.startup.Bootstrap.main(Bootstrap.java:428)

Sep 07, 2018 10:49:21 AM org.apache.coyote.AbstractProtocol pause
INFO: Pausing ProtocolHandler ["http-bio-9999"]
Sep 07, 2018 10:49:21 AM org.apache.coyote.AbstractProtocol pause
INFO: Pausing ProtocolHandler ["ajp-bio-8009"]
Sep 07, 2018 10:49:21 AM org.apache.catalina.core.StandardService stopInternal
INFO: Stopping service Catalina
Sep 07, 2018 10:49:21 AM org.apache.coyote.AbstractProtocol stop
INFO: Stopping ProtocolHandler ["http-bio-9999"]
Sep 07, 2018 10:49:21 AM org.apache.coyote.AbstractProtocol destroy
INFO: Destroying ProtocolHandler ["http-bio-9999"]
Sep 07, 2018 10:49:21 AM org.apache.coyote.AbstractProtocol stop
INFO: Stopping ProtocolHandler ["ajp-bio-8009"]
Sep 07, 2018 10:49:21 AM org.apache.coyote.AbstractProtocol destroy
INFO: Destroying ProtocolHandler ["ajp-bio-8009"]
Sep 07, 2018 10:50:33 AM org.apache.catalina.core.StandardServer await
INFO: A valid shutdown command was received via the shutdown port. Stopping the Server instance.
Sep 07, 2018 10:50:33 AM org.apache.coyote.AbstractProtocol pause
INFO: Pausing ProtocolHandler ["http-bio-9999"]
Sep 07, 2018 10:50:33 AM org.apache.coyote.AbstractProtocol pause
INFO: Pausing ProtocolHandler ["ajp-bio-8009"]
Sep 07, 2018 10:50:33 AM org.apache.catalina.core.StandardService stopInternal
INFO: Stopping service Catalina
Sep 07, 2018 10:50:33 AM org.apache.coyote.AbstractProtocol stop
INFO: Stopping ProtocolHandler ["http-bio-9999"]
Sep 07, 2018 10:50:33 AM org.apache.coyote.AbstractProtocol stop
INFO: Stopping ProtocolHandler ["ajp-bio-8009"]
Sep 07, 2018 10:50:33 AM org.apache.coyote.AbstractProtocol destroy
INFO: Destroying ProtocolHandler ["http-bio-9999"]
Sep 07, 2018 10:50:33 AM org.apache.coyote.AbstractProtocol destroy
INFO: Destroying ProtocolHandler ["ajp-bio-8009"]
